app/manifest-merger-release-report.txt
-- Merging decision tree log ---
manifest
ADDED from AndroidManifest.xml:3:1
	xmlns:android
		ADDED from AndroidManifest.xml:3:11
	package
		ADDED from AndroidManifest.xml:4:5
	android:versionName
		ADDED from AndroidManifest.xml:6:5
		INJECTED from AndroidManifest.xml:0:0
		INJECTED from AndroidManifest.xml:0:0
	android:versionCode
		ADDED from AndroidManifest.xml:5:5
		INJECTED from AndroidManifest.xml:0:0
		INJECTED from AndroidManifest.xml:0:0
uses-permission#android.permission.INTERNET
ADDED from AndroidManifest.xml:8:5
MERGED from com.google.android.gms:play-services-maps:7.5.0:21:5
	android:name
		ADDED from AndroidManifest.xml:8:22
uses-permission#android.permission.GET_ACCOUNTS
ADDED from AndroidManifest.xml:9:5
	android:name
		ADDED from AndroidManifest.xml:9:22
uses-permission#android.permission.MANAGE_ACCOUNTS
ADDED from AndroidManifest.xml:10:5
	android:name
		ADDED from AndroidManifest.xml:10:22
uses-permission#android.permission.AUTHENTICATE_ACCOUNTS
ADDED from AndroidManifest.xml:11:5
	android:name
		ADDED from AndroidManifest.xml:11:22
uses-permission#android.permission.USE_CREDENTIALS
ADDED from AndroidManifest.xml:12:5
	android:name
		ADDED from AndroidManifest.xml:12:22
uses-permission#android.permission.ACCESS_FINE_LOCATION
ADDED from AndroidManifest.xml:13:5
	android:name
		ADDED from AndroidManifest.xml:13:22
uses-permission#android.permission.WRITE_EXTERNAL_STORAGE
ADDED from AndroidManifest.xml:14:5
MERGED from com.google.android.gms:play-services-maps:7.5.0:22:5
	android:name
		ADDED from AndroidManifest.xml:14:22
uses-permission#android.permission.WAKE_LOCK
ADDED from AndroidManifest.xml:15:5
	android:name
		ADDED from AndroidManifest.xml:15:22
uses-permission#com.google.android.c2dm.permission.RECEIVE
ADDED from AndroidManifest.xml:16:5
	android:name
		ADDED from AndroidManifest.xml:16:22
permission#za.co.vehmon.application.permission.C2D_MESSAGE
ADDED from AndroidManifest.xml:17:5
	android:protectionLevel
		ADDED from AndroidManifest.xml:18:9
	android:name
		ADDED from AndroidManifest.xml:17:17
uses-permission#za.co.vehmon.application.permission.C2D_MESSAGE
ADDED from AndroidManifest.xml:19:5
	android:name
		ADDED from AndroidManifest.xml:19:22
application
ADDED from AndroidManifest.xml:21:5
MERGED from com.android.support:appcompat-v7:19.1.0:19:5
MERGED from com.android.support:support-v4:22.0.0:22:5
MERGED from com.actionbarsherlock:viewpagerindicator:2.4.1:4:5
MERGED from com.android.support:support-v4:22.0.0:22:5
MERGED from com.android.support:support-v4:22.0.0:22:5
MERGED from com.google.android.gms:play-services-gcm:7.5.0:19:5
MERGED from com.google.android.gms:play-services-base:7.5.0:20:5
MERGED from com.android.support:support-v4:22.0.0:22:5
MERGED from com.google.android.gms:play-services-location:7.5.0:19:5
MERGED from com.google.android.gms:play-services-base:7.5.0:20:5
MERGED from com.android.support:support-v4:22.0.0:22:5
MERGED from com.google.android.gms:play-services-maps:7.5.0:29:5
MERGED from com.google.android.gms:play-services-base:7.5.0:20:5
MERGED from com.android.support:support-v4:22.0.0:22:5
	android:label
		ADDED from AndroidManifest.xml:24:9
	android:icon
		ADDED from AndroidManifest.xml:23:9
	android:theme
		ADDED from AndroidManifest.xml:25:9
	android:name
		ADDED from AndroidManifest.xml:22:9
receiver#com.google.android.gms.gcm.GcmReceiver
ADDED from AndroidManifest.xml:27:9
	android:permission
		ADDED from AndroidManifest.xml:29:13
	android:name
		ADDED from AndroidManifest.xml:28:13
intent-filter#com.google.android.c2dm.intent.RECEIVE+za.co.vehmon.application
ADDED from AndroidManifest.xml:30:13
action#com.google.android.c2dm.intent.RECEIVE
ADDED from AndroidManifest.xml:31:17
	android:name
		ADDED from AndroidManifest.xml:31:25
category#za.co.vehmon.application
ADDED from AndroidManifest.xml:32:17
	android:name
		ADDED from AndroidManifest.xml:32:27
service#za.co.vehmon.application.GcmIntentService
ADDED from AndroidManifest.xml:35:9
	android:exported
		ADDED from AndroidManifest.xml:37:13
	android:name
		ADDED from AndroidManifest.xml:36:13
intent-filter#com.google.android.c2dm.intent.RECEIVE
ADDED from AndroidManifest.xml:38:13
service#za.co.vehmon.application.MyInstanceIDListenerService
ADDED from AndroidManifest.xml:42:9
	android:exported
		ADDED from AndroidManifest.xml:44:13
	android:name
		ADDED from AndroidManifest.xml:43:13
intent-filter#com.google.android.gms.iid.InstanceID
ADDED from AndroidManifest.xml:45:13
action#com.google.android.gms.iid.InstanceID
ADDED from AndroidManifest.xml:46:17
	android:name
		ADDED from AndroidManifest.xml:46:25
service#za.co.vehmon.application.RegistrationIntentService
ADDED from AndroidManifest.xml:50:9
	android:exported
		ADDED from AndroidManifest.xml:52:13
	android:name
		ADDED from AndroidManifest.xml:51:13
activity#za.co.vehmon.application.ui.MainActivity
ADDED from AndroidManifest.xml:55:9
	android:label
		ADDED from AndroidManifest.xml:58:13
	android:configChanges
		ADDED from AndroidManifest.xml:57:13
	android:name
		ADDED from AndroidManifest.xml:56:13
activity#za.co.vehmon.application.ui.AbsenceRequestActivity
ADDED from AndroidManifest.xml:61:9
	android:label
		ADDED from AndroidManifest.xml:62:13
	android:name
		ADDED from AndroidManifest.xml:61:19
activity#za.co.vehmon.application.ui.ViewLeaveActivity
ADDED from AndroidManifest.xml:66:9
	android:label
		ADDED from AndroidManifest.xml:67:13
	android:name
		ADDED from AndroidManifest.xml:66:19
activity#za.co.vehmon.application.ui.ViewShiftsActivity
ADDED from AndroidManifest.xml:71:9
	android:label
		ADDED from AndroidManifest.xml:72:13
	android:name
		ADDED from AndroidManifest.xml:71:19
activity#za.co.vehmon.application.ui.ViewShiftsDetail
ADDED from AndroidManifest.xml:76:9
	android:label
		ADDED from AndroidManifest.xml:77:13
	android:name
		ADDED from AndroidManifest.xml:76:19
activity#za.co.vehmon.application.ui.NewMessageActivity
ADDED from AndroidManifest.xml:81:9
	android:label
		ADDED from AndroidManifest.xml:82:13
	android:name
		ADDED from AndroidManifest.xml:81:19
activity#za.co.vehmon.application.ui.SplashActivity
ADDED from AndroidManifest.xml:86:9
	android:screenOrientation
		ADDED from AndroidManifest.xml:88:13
	android:label
		ADDED from AndroidManifest.xml:87:13
	android:theme
		ADDED from AndroidManifest.xml:89:13
	android:name
		ADDED from AndroidManifest.xml:86:19
intent-filter#android.intent.action.MAIN+android.intent.category.LAUNCHER
ADDED from AndroidManifest.xml:91:13
action#android.intent.action.MAIN
ADDED from AndroidManifest.xml:92:17
	android:name
		ADDED from AndroidManifest.xml:92:25
category#android.intent.category.LAUNCHER
ADDED from AndroidManifest.xml:94:17
	android:name
		ADDED from AndroidManifest.xml:94:27
activity#za.co.vehmon.application.ui.MessageViewActivity
ADDED from AndroidManifest.xml:98:9
	android:label
		ADDED from AndroidManifest.xml:99:13
	android:name
		ADDED from AndroidManifest.xml:98:19
activity#za.co.vehmon.application.ui.BootstrapTimerActivity
ADDED from AndroidManifest.xml:103:9
	android:label
		ADDED from AndroidManifest.xml:105:19
	android:configChanges
		ADDED from AndroidManifest.xml:104:19
	android:parentActivityName
		ADDED from AndroidManifest.xml:107:19
	android:name
		ADDED from AndroidManifest.xml:103:19
	android:launchMode
		ADDED from AndroidManifest.xml:106:19
meta-data#android.support.PARENT_ACTIVITY
ADDED from AndroidManifest.xml:110:13
	android:name
		ADDED from AndroidManifest.xml:111:17
	android:value
		ADDED from AndroidManifest.xml:112:17
service#za.co.vehmon.application.core.TimerService
ADDED from AndroidManifest.xml:115:9
	android:exported
		ADDED from AndroidManifest.xml:115:75
	android:enabled
		ADDED from AndroidManifest.xml:115:52
	android:name
		ADDED from AndroidManifest.xml:115:18
service#za.co.vehmon.application.gps.GPSTrackingService
ADDED from AndroidManifest.xml:117:9
	android:exported
		ADDED from AndroidManifest.xml:117:80
	android:enabled
		ADDED from AndroidManifest.xml:117:57
	android:name
		ADDED from AndroidManifest.xml:117:18
service#za.co.vehmon.application.gps.FusionTrackingService
ADDED from AndroidManifest.xml:119:9
	android:exported
		ADDED from AndroidManifest.xml:119:83
	android:enabled
		ADDED from AndroidManifest.xml:119:60
	android:name
		ADDED from AndroidManifest.xml:119:18
service#za.co.vehmon.application.synchronizers.SynchronizeProcessor
ADDED from AndroidManifest.xml:121:9
	android:exported
		ADDED from AndroidManifest.xml:121:92
	android:enabled
		ADDED from AndroidManifest.xml:121:69
	android:name
		ADDED from AndroidManifest.xml:121:18
service#za.co.vehmon.application.authenticator.AccountAuthenticatorService
ADDED from AndroidManifest.xml:123:9
	android:process
		ADDED from AndroidManifest.xml:125:13
	android:name
		ADDED from AndroidManifest.xml:124:13
intent-filter#android.accounts.AccountAuthenticator
ADDED from AndroidManifest.xml:126:13
action#android.accounts.AccountAuthenticator
ADDED from AndroidManifest.xml:127:17
	android:name
		ADDED from AndroidManifest.xml:127:25
meta-data#android.accounts.AccountAuthenticator
ADDED from AndroidManifest.xml:130:13
	android:resource
		ADDED from AndroidManifest.xml:132:17
	android:name
		ADDED from AndroidManifest.xml:131:17
activity#za.co.vehmon.application.authenticator.BootstrapAuthenticatorActivity
ADDED from AndroidManifest.xml:135:9
	android:excludeFromRecents
		ADDED from AndroidManifest.xml:137:13
	android:name
		ADDED from AndroidManifest.xml:136:13
uses-sdk
INJECTED from AndroidManifest.xml:0:0 reason: use-sdk injection requested
MERGED from com.android.support:appcompat-v7:19.1.0:18:5
MERGED from com.android.support:support-v4:22.0.0:20:5
MERGED from com.actionbarsherlock:viewpagerindicator:2.4.1:3:5
MERGED from com.android.support:support-v4:22.0.0:20:5
MERGED from com.github.kevinsawicki:wishlist:0.9:3:5
MERGED from com.android.support:support-v4:22.0.0:20:5
MERGED from com.google.android.gms:play-services-gcm:7.5.0:18:5
MERGED from com.google.android.gms:play-services-base:7.5.0:18:5
MERGED from com.android.support:support-v4:22.0.0:20:5
MERGED from com.google.android.gms:play-services-location:7.5.0:18:5
MERGED from com.google.android.gms:play-services-base:7.5.0:18:5
MERGED from com.android.support:support-v4:22.0.0:20:5
MERGED from com.google.android.gms:play-services-maps:7.5.0:28:5
MERGED from com.google.android.gms:play-services-base:7.5.0:18:5
MERGED from com.android.support:support-v4:22.0.0:20:5
	android:targetSdkVersion
		INJECTED from AndroidManifest.xml:0:0
		INJECTED from AndroidManifest.xml:0:0
	android:minSdkVersion
		INJECTED from AndroidManifest.xml:0:0
		INJECTED from AndroidManifest.xml:0:0
meta-data#com.google.android.gms.version
ADDED from com.google.android.gms:play-services-base:7.5.0:21:9
MERGED from com.google.android.gms:play-services-base:7.5.0:21:9
MERGED from com.google.android.gms:play-services-base:7.5.0:21:9
	android:name
		ADDED from com.google.android.gms:play-services-base:7.5.0:22:13
	android:value
		ADDED from com.google.android.gms:play-services-base:7.5.0:23:13
uses-permission#android.permission.ACCESS_NETWORK_STATE
ADDED from com.google.android.gms:play-services-maps:7.5.0:20:5
	android:name
		ADDED from com.google.android.gms:play-services-maps:7.5.0:20:22
uses-permission#android.permission.ACCESS_COARSE_LOCATION
ADDED from com.google.android.gms:play-services-maps:7.5.0:23:5
	android:name
		ADDED from com.google.android.gms:play-services-maps:7.5.0:23:22
uses-feature#0x00020000
ADDED from com.google.android.gms:play-services-maps:7.5.0:24:5
	android:required
		ADDED from com.google.android.gms:play-services-maps:7.5.0:26:8
	android:glEsVersion
		ADDED from com.google.android.gms:play-services-maps:7.5.0:25:8
android:uses-permission#android.permission.READ_EXTERNAL_STORAGE
IMPLIED from AndroidManifest.xml:3:1 reason: com.google.android.gms.maps requested WRITE_EXTERNAL_STORAGE